<?xml version="1.0" encoding="UTF-8"?>
<!-- Generated by org.testng.reporters.JUnitXMLReporter -->
<testsuite ignored="0" hostname="MIRKOP-LT" failures="0" tests="4" name="Default test" time="13.029" errors="0" timestamp="2022-10-11T22:00:31 CEST">
  <testcase classname="tests.LocaleTests" name="setLocaleToES" time="0.63"/>
  <testcase classname="tests.LocaleTests" name="setLocaleToEN" time="0.514"/>
  <testcase classname="tests.LocaleTests" name="setLocaleToCN" time="0.592"/>
  <testcase classname="tests.LocaleTests" name="setLocaleToFR" time="0.48"/>
</testsuite> <!-- Default test -->
