<?xml version="1.0" encoding="UTF-8"?>
<!-- Generated by org.testng.reporters.JUnitXMLReporter -->
<testsuite ignored="0" hostname="MIRKOP-LT" failures="0" tests="6" name="Default test" time="20.492" errors="0" timestamp="2022-10-10T23:52:15 CEST">
  <testcase classname="tests.LoginTests" name="visitTheLoginPage" time="1.712"/>
  <testcase classname="tests.LoginTests" name="checkInputTypes" time="0.517"/>
  <testcase classname="tests.LoginTests" name="displayErrorWhenUserDoesNotExists" time="2.402"/>
  <testcase classname="tests.LoginTests" name="displayErrorWhenPasswordIsWrong" time="2.03"/>
  <testcase classname="tests.LoginTests" name="login" time="1.734"/>
  <testcase classname="tests.LoginTests" name="logout" time="0.22"/>
</testsuite> <!-- Default test -->
