<?xml version="1.0" encoding="UTF-8"?>
<testng-results ignored="0" total="4" passed="4" failed="0" skipped="0">
  <reporter-output>
  </reporter-output>
  <suite started-at="2022-10-11T22:00:18 CEST" name="Default suite" finished-at="2022-10-11T22:00:31 CEST" duration-ms="13029">
    <groups>
    </groups>
    <test started-at="2022-10-11T22:00:18 CEST" name="Default test" finished-at="2022-10-11T22:00:31 CEST" duration-ms="13029">
      <class name="tests.LocaleTests">
        <test-method is-config="true" signature="beforeClass()[pri:0, instance:tests.LocaleTests@f5ac9e4]" started-at="2022-10-11T22:00:18 CEST" name="beforeClass" finished-at="2022-10-11T22:00:23 CEST" duration-ms="5326" status="PASS">
          <reporter-output>
          </reporter-output>
        </test-method> <!-- beforeClass -->
        <test-method is-config="true" signature="beforeMethod()[pri:0, instance:tests.LocaleTests@f5ac9e4]" started-at="2022-10-11T22:00:23 CEST" name="beforeMethod" finished-at="2022-10-11T22:00:25 CEST" duration-ms="2218" status="PASS">
          <reporter-output>
          </reporter-output>
        </test-method> <!-- beforeMethod -->
        <test-method signature="setLocaleToES()[pri:100, instance:tests.LocaleTests@f5ac9e4]" started-at="2022-10-11T22:00:25 CEST" name="setLocaleToES" finished-at="2022-10-11T22:00:26 CEST" duration-ms="630" status="PASS">
          <reporter-output>
          </reporter-output>
        </test-method> <!-- setLocaleToES -->
        <test-method is-config="true" signature="afterMethod()[pri:0, instance:tests.LocaleTests@f5ac9e4]" started-at="2022-10-11T22:00:26 CEST" name="afterMethod" finished-at="2022-10-11T22:00:26 CEST" duration-ms="0" status="PASS">
          <reporter-output>
          </reporter-output>
        </test-method> <!-- afterMethod -->
        <test-method is-config="true" signature="beforeMethod()[pri:0, instance:tests.LocaleTests@f5ac9e4]" started-at="2022-10-11T22:00:26 CEST" name="beforeMethod" finished-at="2022-10-11T22:00:27 CEST" duration-ms="781" status="PASS">
          <reporter-output>
          </reporter-output>
        </test-method> <!-- beforeMethod -->
        <test-method signature="setLocaleToEN()[pri:200, instance:tests.LocaleTests@f5ac9e4]" started-at="2022-10-11T22:00:27 CEST" name="setLocaleToEN" finished-at="2022-10-11T22:00:27 CEST" duration-ms="514" status="PASS">
          <reporter-output>
          </reporter-output>
        </test-method> <!-- setLocaleToEN -->
        <test-method is-config="true" signature="afterMethod()[pri:0, instance:tests.LocaleTests@f5ac9e4]" started-at="2022-10-11T22:00:27 CEST" name="afterMethod" finished-at="2022-10-11T22:00:27 CEST" duration-ms="0" status="PASS">
          <reporter-output>
          </reporter-output>
        </test-method> <!-- afterMethod -->
        <test-method is-config="true" signature="beforeMethod()[pri:0, instance:tests.LocaleTests@f5ac9e4]" started-at="2022-10-11T22:00:27 CEST" name="beforeMethod" finished-at="2022-10-11T22:00:28 CEST" duration-ms="752" status="PASS">
          <reporter-output>
          </reporter-output>
        </test-method> <!-- beforeMethod -->
        <test-method signature="setLocaleToCN()[pri:300, instance:tests.LocaleTests@f5ac9e4]" started-at="2022-10-11T22:00:28 CEST" name="setLocaleToCN" finished-at="2022-10-11T22:00:28 CEST" duration-ms="592" status="PASS">
          <reporter-output>
          </reporter-output>
        </test-method> <!-- setLocaleToCN -->
        <test-method is-config="true" signature="afterMethod()[pri:0, instance:tests.LocaleTests@f5ac9e4]" started-at="2022-10-11T22:00:28 CEST" name="afterMethod" finished-at="2022-10-11T22:00:28 CEST" duration-ms="0" status="PASS">
          <reporter-output>
          </reporter-output>
        </test-method> <!-- afterMethod -->
        <test-method is-config="true" signature="beforeMethod()[pri:0, instance:tests.LocaleTests@f5ac9e4]" started-at="2022-10-11T22:00:28 CEST" name="beforeMethod" finished-at="2022-10-11T22:00:29 CEST" duration-ms="717" status="PASS">
          <reporter-output>
          </reporter-output>
        </test-method> <!-- beforeMethod -->
        <test-method signature="setLocaleToFR()[pri:400, instance:tests.LocaleTests@f5ac9e4]" started-at="2022-10-11T22:00:29 CEST" name="setLocaleToFR" finished-at="2022-10-11T22:00:30 CEST" duration-ms="480" status="PASS">
          <reporter-output>
          </reporter-output>
        </test-method> <!-- setLocaleToFR -->
        <test-method is-config="true" signature="afterMethod()[pri:0, instance:tests.LocaleTests@f5ac9e4]" started-at="2022-10-11T22:00:30 CEST" name="afterMethod" finished-at="2022-10-11T22:00:30 CEST" duration-ms="2" status="PASS">
          <reporter-output>
          </reporter-output>
        </test-method> <!-- afterMethod -->
        <test-method is-config="true" signature="afterClass()[pri:0, instance:tests.LocaleTests@f5ac9e4]" started-at="2022-10-11T22:00:30 CEST" name="afterClass" finished-at="2022-10-11T22:00:31 CEST" duration-ms="892" status="PASS">
          <reporter-output>
          </reporter-output>
        </test-method> <!-- afterClass -->
      </class> <!-- tests.LocaleTests -->
    </test> <!-- Default test -->
  </suite> <!-- Default suite -->
</testng-results>
