<?xml version="1.0" encoding="UTF-8"?>
<testng-results ignored="0" total="6" passed="6" failed="0" skipped="0">
  <reporter-output>
  </reporter-output>
  <suite started-at="2022-10-10T23:51:55 CEST" name="Default suite" finished-at="2022-10-10T23:52:15 CEST" duration-ms="20492">
    <groups>
    </groups>
    <test started-at="2022-10-10T23:51:55 CEST" name="Default test" finished-at="2022-10-10T23:52:15 CEST" duration-ms="20492">
      <class name="tests.LoginTests">
        <test-method is-config="true" signature="beforeClass()[pri:0, instance:tests.LoginTests@dbf57b3]" started-at="2022-10-10T23:51:55 CEST" name="beforeClass" finished-at="2022-10-10T23:52:00 CEST" duration-ms="5068" status="PASS">
          <reporter-output>
          </reporter-output>
        </test-method> <!-- beforeClass -->
        <test-method is-config="true" signature="beforeMethod()[pri:0, instance:tests.LoginTests@dbf57b3]" started-at="2022-10-10T23:52:00 CEST" name="beforeMethod" finished-at="2022-10-10T23:52:02 CEST" duration-ms="2082" status="PASS">
          <reporter-output>
          </reporter-output>
        </test-method> <!-- beforeMethod -->
        <test-method signature="visitTheLoginPage()[pri:100, instance:tests.LoginTests@dbf57b3]" started-at="2022-10-10T23:52:02 CEST" name="visitTheLoginPage" finished-at="2022-10-10T23:52:04 CEST" duration-ms="1712" status="PASS">
          <reporter-output>
          </reporter-output>
        </test-method> <!-- visitTheLoginPage -->
        <test-method is-config="true" signature="afterMethod()[pri:0, instance:tests.LoginTests@dbf57b3]" started-at="2022-10-10T23:52:04 CEST" name="afterMethod" finished-at="2022-10-10T23:52:04 CEST" duration-ms="1" status="PASS">
          <reporter-output>
          </reporter-output>
        </test-method> <!-- afterMethod -->
        <test-method is-config="true" signature="beforeMethod()[pri:0, instance:tests.LoginTests@dbf57b3]" started-at="2022-10-10T23:52:04 CEST" name="beforeMethod" finished-at="2022-10-10T23:52:05 CEST" duration-ms="872" status="PASS">
          <reporter-output>
          </reporter-output>
        </test-method> <!-- beforeMethod -->
        <test-method signature="checkInputTypes()[pri:200, instance:tests.LoginTests@dbf57b3]" started-at="2022-10-10T23:52:05 CEST" name="checkInputTypes" finished-at="2022-10-10T23:52:05 CEST" duration-ms="517" status="PASS">
          <reporter-output>
          </reporter-output>
        </test-method> <!-- checkInputTypes -->
        <test-method is-config="true" signature="afterMethod()[pri:0, instance:tests.LoginTests@dbf57b3]" started-at="2022-10-10T23:52:05 CEST" name="afterMethod" finished-at="2022-10-10T23:52:05 CEST" duration-ms="1" status="PASS">
          <reporter-output>
          </reporter-output>
        </test-method> <!-- afterMethod -->
        <test-method is-config="true" signature="beforeMethod()[pri:0, instance:tests.LoginTests@dbf57b3]" started-at="2022-10-10T23:52:05 CEST" name="beforeMethod" finished-at="2022-10-10T23:52:06 CEST" duration-ms="757" status="PASS">
          <reporter-output>
          </reporter-output>
        </test-method> <!-- beforeMethod -->
        <test-method signature="displayErrorWhenUserDoesNotExists()[pri:300, instance:tests.LoginTests@dbf57b3]" started-at="2022-10-10T23:52:06 CEST" name="displayErrorWhenUserDoesNotExists" finished-at="2022-10-10T23:52:08 CEST" duration-ms="2402" status="PASS">
          <reporter-output>
          </reporter-output>
        </test-method> <!-- displayErrorWhenUserDoesNotExists -->
        <test-method is-config="true" signature="afterMethod()[pri:0, instance:tests.LoginTests@dbf57b3]" started-at="2022-10-10T23:52:08 CEST" name="afterMethod" finished-at="2022-10-10T23:52:08 CEST" duration-ms="0" status="PASS">
          <reporter-output>
          </reporter-output>
        </test-method> <!-- afterMethod -->
        <test-method is-config="true" signature="beforeMethod()[pri:0, instance:tests.LoginTests@dbf57b3]" started-at="2022-10-10T23:52:08 CEST" name="beforeMethod" finished-at="2022-10-10T23:52:09 CEST" duration-ms="769" status="PASS">
          <reporter-output>
          </reporter-output>
        </test-method> <!-- beforeMethod -->
        <test-method signature="displayErrorWhenPasswordIsWrong()[pri:400, instance:tests.LoginTests@dbf57b3]" started-at="2022-10-10T23:52:09 CEST" name="displayErrorWhenPasswordIsWrong" finished-at="2022-10-10T23:52:11 CEST" duration-ms="2030" status="PASS">
          <reporter-output>
          </reporter-output>
        </test-method> <!-- displayErrorWhenPasswordIsWrong -->
        <test-method is-config="true" signature="afterMethod()[pri:0, instance:tests.LoginTests@dbf57b3]" started-at="2022-10-10T23:52:11 CEST" name="afterMethod" finished-at="2022-10-10T23:52:11 CEST" duration-ms="0" status="PASS">
          <reporter-output>
          </reporter-output>
        </test-method> <!-- afterMethod -->
        <test-method is-config="true" signature="beforeMethod()[pri:0, instance:tests.LoginTests@dbf57b3]" started-at="2022-10-10T23:52:11 CEST" name="beforeMethod" finished-at="2022-10-10T23:52:12 CEST" duration-ms="757" status="PASS">
          <reporter-output>
          </reporter-output>
        </test-method> <!-- beforeMethod -->
        <test-method signature="login()[pri:500, instance:tests.LoginTests@dbf57b3]" started-at="2022-10-10T23:52:12 CEST" name="login" finished-at="2022-10-10T23:52:14 CEST" duration-ms="1734" status="PASS">
          <reporter-output>
          </reporter-output>
        </test-method> <!-- login -->
        <test-method is-config="true" signature="afterMethod()[pri:0, instance:tests.LoginTests@dbf57b3]" started-at="2022-10-10T23:52:14 CEST" name="afterMethod" finished-at="2022-10-10T23:52:14 CEST" duration-ms="1" status="PASS">
          <reporter-output>
          </reporter-output>
        </test-method> <!-- afterMethod -->
        <test-method is-config="true" signature="beforeMethod()[pri:0, instance:tests.LoginTests@dbf57b3]" started-at="2022-10-10T23:52:14 CEST" name="beforeMethod" finished-at="2022-10-10T23:52:14 CEST" duration-ms="791" status="PASS">
          <reporter-output>
          </reporter-output>
        </test-method> <!-- beforeMethod -->
        <test-method signature="logout()[pri:600, instance:tests.LoginTests@dbf57b3]" started-at="2022-10-10T23:52:14 CEST" name="logout" finished-at="2022-10-10T23:52:15 CEST" duration-ms="220" status="PASS">
          <reporter-output>
          </reporter-output>
        </test-method> <!-- logout -->
        <test-method is-config="true" signature="afterMethod()[pri:0, instance:tests.LoginTests@dbf57b3]" started-at="2022-10-10T23:52:15 CEST" name="afterMethod" finished-at="2022-10-10T23:52:15 CEST" duration-ms="1" status="PASS">
          <reporter-output>
          </reporter-output>
        </test-method> <!-- afterMethod -->
        <test-method is-config="true" signature="afterClass()[pri:0, instance:tests.LoginTests@dbf57b3]" started-at="2022-10-10T23:52:15 CEST" name="afterClass" finished-at="2022-10-10T23:52:15 CEST" duration-ms="649" status="PASS">
          <reporter-output>
          </reporter-output>
        </test-method> <!-- afterClass -->
      </class> <!-- tests.LoginTests -->
    </test> <!-- Default test -->
  </suite> <!-- Default suite -->
</testng-results>
